<?xml version="1.0" encoding="UTF-8"?>
<!-- Generated by org.testng.reporters.JUnitReportReporter -->
<testsuite hostname="5IE2Y60SLY0XSOP" name="day05.qinatai" tests="2" failures="0" timestamp="1 Jan 2019 04:59:20 GMT" time="10.895" errors="0">
  <testcase name="kaoshi" time="0.001" classname="day05.qinatai"/>
  <testcase name="Alogin" time="10.894" classname="day05.qinatai"/>
</testsuite> <!-- day05.qinatai -->
