<?xml version="1.0" encoding="UTF-8"?>
<!-- Generated by org.testng.reporters.JUnitReportReporter -->
<testsuite hostname="5IE2Y60SLY0XSOP" name="hanjiazuoye.disanti" tests="2" failures="0" timestamp="9 Jan 2019 06:40:53 GMT" time="3.515" errors="0">
  <testcase name="fabiao" time="0.460" classname="hanjiazuoye.disanti"/>
  <testcase name="alogin" time="3.055" classname="hanjiazuoye.disanti"/>
</testsuite> <!-- hanjiazuoye.disanti -->
