<?xml version="1.0" encoding="UTF-8"?>
<!-- Generated by org.testng.reporters.JUnitReportReporter -->
<testsuite hostname="5IE2Y60SLY0XSOP" name="day05.Qiantai" tests="3" failures="0" timestamp="3 Jan 2019 11:10:06 GMT" time="54.644" errors="0">
  <testcase name="teststart" time="50.235" classname="day05.Qiantai"/>
  <testcase name="login" time="3.827" classname="day05.Qiantai"/>
  <testcase name="testtype" time="0.582" classname="day05.Qiantai"/>
</testsuite> <!-- day05.Qiantai -->
