<?xml version="1.0" encoding="UTF-8"?>
<!-- Generated by org.testng.reporters.JUnitReportReporter -->
<testsuite hostname="5IE2Y60SLY0XSOP" name="hanjiazuoye.diyici" tests="6" failures="0" timestamp="9 Jan 2019 07:39:17 GMT" time="5.068" errors="0">
  <testcase name="Cspname" time="0.165" classname="hanjiazuoye.diyici"/>
  <testcase name="Bsplx" time="0.430" classname="hanjiazuoye.diyici"/>
  <testcase name="Dsousuo" time="0.388" classname="hanjiazuoye.diyici"/>
  <testcase name="Alogin" time="2.596" classname="hanjiazuoye.diyici"/>
  <testcase name="zyijianfangkui" time="0.558" classname="hanjiazuoye.diyici"/>
  <testcase name="goumai" time="0.931" classname="hanjiazuoye.diyici"/>
</testsuite> <!-- hanjiazuoye.diyici -->
