<?xml version="1.0" encoding="UTF-8"?>
<!-- Generated by org.testng.reporters.JUnitReportReporter -->
<testsuite hostname="5IE2Y60SLY0XSOP" name="hanjiazuoye.dierci" tests="2" failures="0" timestamp="9 Jan 2019 06:40:23 GMT" time="4.523" errors="0">
  <testcase name="alogin" time="3.182" classname="hanjiazuoye.dierci"/>
  <testcase name="goumai" time="1.341" classname="hanjiazuoye.dierci"/>
</testsuite> <!-- hanjiazuoye.dierci -->
